[INFO|11:22:09]: Eucliwood wound up a bow too fast (actual time=1292, min time=1500) 
[INFO|11:22:11]: Eucliwood wound up a bow too fast (actual time=1304, min time=1500) 
[INFO|6:47:58]: Dark_Sniper tried to break 2 blocks in 99 ms (max=2 in 100 ms) 
[INFO|6:48:01]: Dark_Sniper tried to break 2 blocks in 78 ms (max=2 in 100 ms) 
[INFO|6:48:02]: Dark_Sniper tried to break 2 blocks in 49 ms (max=2 in 100 ms) 
[INFO|6:48:04]: Dark_Sniper tried to break 2 blocks in 1 ms (max=2 in 100 ms) 
[INFO|6:48:21]: Dark_Sniper ascended 8 times in a row (max = 8) 
[INFO|6:51:46]: Dark_Sniper didn't animate before breaking a block of GRASS 
[INFO|6:54:02]: Dark_Sniper tried to place a block 2 ms after the last one (min=50 ms) 
[INFO|6:54:04]: Dark_Sniper tried to place a block 2 ms after the last one (min=50 ms) 
[INFO|6:54:05]: Dark_Sniper tried to place a block 1 ms after the last one (min=50 ms) 
[INFO|6:54:05]: Dark_Sniper placed blocks too fast 0 times in a row (max=2) 
[INFO|6:54:08]: Dark_Sniper placed blocks too fast 0 times in a row (max=2) 
[INFO|6:54:08]: Dark_Sniper placed blocks too fast 0 times in a row (max=2) 
[INFO|6:54:08]: Dark_Sniper placed blocks too fast 0 times in a row (max=2) 
[INFO|6:54:09]: Dark_Sniper placed blocks too fast 0 times in a row (max=2) 
[INFO|6:54:10]: Dark_Sniper placed blocks too fast 0 times in a row (max=2) 
[INFO|6:54:11]: Dark_Sniper placed blocks too fast 0 times in a row (max=2) 
[INFO|6:54:13]: Dark_Sniper placed blocks too fast 0 times in a row (max=2) 
[INFO|6:54:14]: Dark_Sniper placed blocks too fast 0 times in a row (max=2) 
[INFO|6:54:14]: Dark_Sniper placed blocks too fast 0 times in a row (max=2) 
[INFO|6:54:14]: Dark_Sniper placed blocks too fast 0 times in a row (max=2) 
[INFO|6:54:14]: Dark_Sniper placed blocks too fast 0 times in a row (max=2) 
[INFO|6:54:14]: Dark_Sniper placed blocks too fast 0 times in a row (max=2) 
[INFO|6:54:15]: Dark_Sniper placed blocks too fast 0 times in a row (max=2) 
[INFO|6:54:15]: Dark_Sniper placed blocks too fast 0 times in a row (max=2) 
[INFO|6:54:15]: Dark_Sniper placed blocks too fast 0 times in a row (max=2) 
[INFO|6:54:15]: §6----------------------[§7AntiCheat§6]---------------------- 
[INFO|6:54:15]: §7§6Dark_Sniper§7 has just entered the §eMedium§7 hack level. 
[INFO|6:54:15]: §7§6Dark_Sniper§7's last failed check was: §6Fast place§7. 
[INFO|6:54:15]: §7Type '/anticheat report §6Dark_Sniper§7' for more information. 
[INFO|6:54:15]: §6----------------------------------------------------- 
[INFO|6:54:15]: Dark_Sniper placed blocks too fast 0 times in a row (max=2) 
[INFO|6:54:15]: Dark_Sniper placed blocks too fast 0 times in a row (max=2) 
[INFO|6:54:17]: Dark_Sniper placed blocks too fast 0 times in a row (max=2) 
[INFO|6:54:19]: Dark_Sniper placed blocks too fast 0 times in a row (max=2) 
[INFO|6:54:20]: Dark_Sniper placed blocks too fast 0 times in a row (max=2) 
[INFO|6:54:27]: Dark_Sniper placed blocks too fast 0 times in a row (max=2) 
[INFO|6:54:36]: Dark_Sniper placed blocks too fast 0 times in a row (max=2) 
[INFO|6:54:36]: Dark_Sniper placed blocks too fast 0 times in a row (max=2) 
[INFO|6:54:36]: Dark_Sniper placed blocks too fast 0 times in a row (max=2) 
[INFO|6:54:37]: Dark_Sniper placed blocks too fast 0 times in a row (max=2) 
[INFO|6:54:38]: Dark_Sniper placed blocks too fast 0 times in a row (max=2) 
[INFO|6:54:38]: Dark_Sniper placed blocks too fast 0 times in a row (max=2) 
[INFO|6:54:38]: Dark_Sniper placed blocks too fast 0 times in a row (max=2) 
[INFO|6:54:39]: Dark_Sniper placed blocks too fast 0 times in a row (max=2) 
[INFO|6:54:39]: Dark_Sniper placed blocks too fast 0 times in a row (max=2) 
[INFO|6:54:48]: Dark_Sniper's speed was too high 3 times in a row (max=3, speed=0.2735706118976893, max speed=0.25) 
[INFO|7:39:17]: Dark_Sniper's y speed was too high (speed=0.7254676498826029, max=0.5) 
[INFO|7:57:10]: Matthew_u ascended 8 times in a row (max = 8) 
[INFO|7:57:10]: Matthew_u ascended 8 times in a row (max = 8) 
[INFO|7:57:11]: Matthew_u ascended 8 times in a row (max = 8) 
[INFO|7:57:12]: Matthew_u ascended 8 times in a row (max = 8) 
[INFO|7:57:14]: Matthew_u ascended 8 times in a row (max = 8) 
[INFO|7:57:15]: Matthew_u ascended 8 times in a row (max = 8) 
[INFO|7:57:18]: Matthew_u ascended 8 times in a row (max = 8) 
[INFO|7:57:19]: Matthew_u ascended 8 times in a row (max = 8) 
[INFO|7:57:19]: Matthew_u ascended 8 times in a row (max = 8) 
[INFO|7:57:20]: Matthew_u ascended 8 times in a row (max = 8) 
[INFO|7:57:21]: Matthew_u ascended 8 times in a row (max = 8) 
[INFO|7:57:28]: Matthew_u ascended 8 times in a row (max = 8) 
[INFO|7:57:29]: Matthew_u ascended 8 times in a row (max = 8) 
[INFO|7:57:30]: Matthew_u ascended 8 times in a row (max = 8) 
[INFO|7:57:36]: Matthew_u ascended 8 times in a row (max = 8) 
[INFO|7:57:36]: Matthew_u ascended 8 times in a row (max = 8) 
[INFO|8:05:14]: Matthew_u tried to fly on y-axis in 298 ms (min =1000) 
[INFO|8:05:16]: Matthew_u tried to fly on y-axis in 351 ms (min =1000) 
[INFO|8:05:17]: Matthew_u ascended 8 times in a row (max = 8) 
[INFO|8:05:20]: Matthew_u tried to fly on y-axis in 749 ms (min =1000) 
[INFO|8:05:24]: §6----------------------[§7AntiCheat§6]---------------------- 
[INFO|8:05:24]: §7§6Matthew_u§7 has just entered the §eMedium§7 hack level. 
[INFO|8:05:24]: §7§6Matthew_u§7's last failed check was: §6Fly§7. 
[INFO|8:05:24]: §7Type '/anticheat report §6Matthew_u§7' for more information. 
[INFO|8:05:24]: §6----------------------------------------------------- 
[INFO|8:05:24]: Matthew_u tried to fly on y-axis in 357 ms (min =1000) 
[INFO|8:05:24]: Matthew_u tried to fly on y-axis in 810 ms (min =1000) 
[INFO|8:05:27]: Matthew_u tried to fly on y-axis in 250 ms (min =1000) 
[INFO|8:05:31]: Matthew_u tried to fly on y-axis in 506 ms (min =1000) 
[INFO|8:05:32]: Matthew_u ascended 8 times in a row (max = 8) 
[INFO|8:05:39]: Matthew_u ascended 8 times in a row (max = 8) 
[INFO|12:09:44]: Matthew_u switched tools too fast (had GLOWSTONE_DUST, has AIR) 
[INFO|12:13:56]: Matthew_u's y speed was too high (speed=0.7531999805212024, max=0.5) 
[INFO|12:13:58]: Matthew_u's y speed was too high (speed=0.7461092740512356, max=0.5) 
[INFO|12:14:05]: Matthew_u's y speed was too high (speed=0.5813359922251635, max=0.5) 
[INFO|12:53:33]: Matthew_u switched tools too fast (had DIAMOND, has AIR) 
[INFO|1:12:58]: Matthew_u's speed was too high 3 times in a row (max=3, speed=0.2660341693930377, max speed=0.25) 
[INFO|1:13:18]: Matthew_u stood on water 1 times (can't stand on AIR or STATIONARY_WATER) 
[INFO|8:36:17]: Matthew_u's y speed was too high (speed=0.7531999805212024, max=0.5) 
[INFO|8:37:39]: Matthew_u switched tools too fast (had GRILLED_PORK, has IRON_PICKAXE) 
[INFO|12:00:58]: Matthew_u switched tools too fast (had AIR, has NETHERRACK) 
[INFO|12:00:59]: Matthew_u switched tools too fast (had NETHERRACK, has IRON_PICKAXE) 
[INFO|12:16:12]: Matthew_u's speed was too high 3 times in a row (max=3, speed=0.2563722471563885, max speed=0.25) 
[INFO|12:47:05]: Matthew_u's speed was too high 3 times in a row (max=3, speed=0.29902352922374575, max speed=0.25) 
[INFO|12:48:29]: Matthew_u switched tools too fast (had GRILLED_PORK, has AIR) 
[INFO|12:48:51]: Matthew_u's speed was too high 3 times in a row (max=3, speed=0.27439967921122843, max speed=0.25) 
[INFO|12:54:27]: Matthew_u switched tools too fast (had AIR, has IRON_PICKAXE) 
[INFO|1:01:31]: Matthew_u switched tools too fast (had AIR, has IRON_PICKAXE) 
[INFO|6:44:54]: Matthew_u's y speed was too high (speed=0.5813359922251635, max=0.5) 
[INFO|6:45:32]: Matthew_u switched tools too fast (had AIR, has IRON_SWORD) 
[INFO|6:45:35]: Matthew_u switched tools too fast (had IRON_SPADE, has IRON_PICKAXE) 
[INFO|7:02:16]: Matthew_u switched tools too fast (had AIR, has IRON_SWORD) 
[INFO|7:02:18]: Matthew_u switched tools too fast (had IRON_SPADE, has IRON_PICKAXE) 
[INFO|7:44:43]: Matthew_u's speed was too high 3 times in a row (max=3, speed=0.2548951779890274, max speed=0.25) 
[INFO|8:00:07]: Matthew_u's speed was too high 3 times in a row (max=3, speed=0.26565523735882834, max speed=0.25) 
[INFO|10:52:19]: Matthew_u's speed was too high 3 times in a row (max=3, speed=0.2600915839794311, max speed=0.25) 
[INFO|10:56:16]: Matthew_u ascended 8 times in a row (max = 8) 
[INFO|10:56:36]: Matthew_u's speed was too high 3 times in a row (max=3, speed=0.30053234878062085, max speed=0.25) 
[INFO|10:59:05]: Matthew_u's speed was too high 3 times in a row (max=3, speed=0.25015637940441593, max speed=0.25) 
[INFO|11:51:35]: Matthew_u's y speed was too high (speed=1.0649158249465387, max=0.5) 
[INFO|5:44:35]: Notch_in_ad1's speed was too high 3 times in a row (max=3, speed=0.2958632413800615, max speed=0.25) 
[INFO|6:30:27]: SaNyaFiT's speed was too high 3 times in a row (max=3, speed=0.337084509017302, max speed=0.25) 
[INFO|6:34:04]: SaNyaFiT's speed was too high 3 times in a row (max=3, speed=0.25774813357193693, max speed=0.25) 
[INFO|6:34:06]: SaNyaFiT's speed was too high 3 times in a row (max=3, speed=0.2527737476322045, max speed=0.25) 
[INFO|6:36:09]: SaNyaFiT's speed was too high 3 times in a row (max=3, speed=0.2587520568465038, max speed=0.25) 
[INFO|6:37:17]: SaNyaFiT's speed was too high 3 times in a row (max=3, speed=0.27166708960390906, max speed=0.25) 
[INFO|6:37:44]: SaNyaFiT ascended 8 times in a row (max = 8) 
[INFO|6:42:12]: SaNyaFiT tried to fly on y-axis in 350 ms (min =1000) 
[INFO|6:42:12]: SaNyaFiT tried to fly on y-axis in 604 ms (min =1000) 
[INFO|6:42:12]: SaNyaFiT tried to fly on y-axis 3 times (max =1) 
[INFO|6:42:12]: SaNyaFiT tried to fly on y-axis 4 times (max =1) 
[INFO|6:42:13]: SaNyaFiT tried to fly on y-axis 5 times (max =1) 
[INFO|6:42:13]: SaNyaFiT tried to fly on y-axis 6 times (max =1) 
[INFO|6:42:14]: SaNyaFiT tried to fly on y-axis 7 times (max =1) 
[INFO|6:42:14]: SaNyaFiT tried to fly on y-axis 8 times (max =1) 
[INFO|6:42:14]: SaNyaFiT tried to fly on y-axis 9 times (max =1) 
[INFO|6:42:14]: SaNyaFiT tried to fly on y-axis 10 times (max =1) 
[INFO|6:42:14]: SaNyaFiT tried to fly on y-axis 11 times (max =1) 
[INFO|6:42:14]: SaNyaFiT tried to fly on y-axis 12 times (max =1) 
[INFO|6:42:15]: SaNyaFiT tried to fly on y-axis 13 times (max =1) 
[INFO|6:42:15]: SaNyaFiT tried to fly on y-axis 14 times (max =1) 
[INFO|6:42:15]: SaNyaFiT tried to fly on y-axis 15 times (max =1) 
[INFO|6:42:15]: SaNyaFiT tried to fly on y-axis 16 times (max =1) 
[INFO|6:42:15]: SaNyaFiT tried to fly on y-axis 17 times (max =1) 
[INFO|6:42:15]: SaNyaFiT tried to fly on y-axis 18 times (max =1) 
[INFO|6:42:16]: SaNyaFiT tried to fly on y-axis 19 times (max =1) 
[INFO|6:42:16]: §6----------------------[§7AntiCheat§6]---------------------- 
[INFO|6:42:16]: §7§6SaNyaFiT§7 has just entered the §eMedium§7 hack level. 
[INFO|6:42:16]: §7§6SaNyaFiT§7's last failed check was: §6Fly§7. 
[INFO|6:42:16]: §7Type '/anticheat report §6SaNyaFiT§7' for more information. 
[INFO|6:42:16]: §6----------------------------------------------------- 
[INFO|6:42:16]: SaNyaFiT tried to fly on y-axis 20 times (max =1) 
[INFO|6:42:16]: SaNyaFiT tried to fly on y-axis 21 times (max =1) 
[INFO|6:42:16]: SaNyaFiT tried to fly on y-axis 22 times (max =1) 
[INFO|6:42:16]: SaNyaFiT tried to fly on y-axis 23 times (max =1) 
[INFO|6:42:16]: SaNyaFiT tried to fly on y-axis 24 times (max =1) 
[INFO|6:42:17]: SaNyaFiT tried to fly on y-axis 25 times (max =1) 
[INFO|6:42:17]: SaNyaFiT tried to fly on y-axis 26 times (max =1) 
[INFO|6:42:17]: SaNyaFiT tried to fly on y-axis 27 times (max =1) 
[INFO|6:42:17]: SaNyaFiT tried to fly on y-axis 28 times (max =1) 
[INFO|6:42:17]: SaNyaFiT tried to fly on y-axis 29 times (max =1) 
[INFO|6:42:17]: SaNyaFiT tried to fly on y-axis 30 times (max =1) 
[INFO|6:42:18]: SaNyaFiT tried to fly on y-axis 31 times (max =1) 
[INFO|6:42:18]: SaNyaFiT tried to fly on y-axis 32 times (max =1) 
[INFO|6:42:18]: SaNyaFiT tried to fly on y-axis 33 times (max =1) 
[INFO|6:42:18]: SaNyaFiT tried to fly on y-axis 34 times (max =1) 
[INFO|6:42:18]: SaNyaFiT tried to fly on y-axis 35 times (max =1) 
[INFO|6:42:18]: SaNyaFiT tried to fly on y-axis 36 times (max =1) 
[INFO|6:42:19]: SaNyaFiT tried to fly on y-axis 37 times (max =1) 
[INFO|6:42:19]: SaNyaFiT tried to fly on y-axis 38 times (max =1) 
[INFO|6:42:19]: SaNyaFiT tried to fly on y-axis 39 times (max =1) 
[INFO|6:42:19]: SaNyaFiT tried to fly on y-axis 40 times (max =1) 
[INFO|6:42:19]: SaNyaFiT tried to fly on y-axis 41 times (max =1) 
[INFO|6:42:19]: SaNyaFiT tried to fly on y-axis 42 times (max =1) 
[INFO|6:42:20]: SaNyaFiT tried to fly on y-axis 43 times (max =1) 
[INFO|6:42:20]: SaNyaFiT tried to fly on y-axis 44 times (max =1) 
[INFO|6:42:20]: SaNyaFiT tried to fly on y-axis 45 times (max =1) 
[INFO|6:42:20]: SaNyaFiT tried to fly on y-axis 46 times (max =1) 
[INFO|6:42:20]: SaNyaFiT tried to fly on y-axis 47 times (max =1) 
[INFO|6:42:20]: SaNyaFiT tried to fly on y-axis 48 times (max =1) 
[INFO|6:42:21]: SaNyaFiT tried to fly on y-axis 49 times (max =1) 
[INFO|6:42:21]: §6----------------------[§7AntiCheat§6]---------------------- 
[INFO|6:42:21]: §7§6SaNyaFiT§7 has just entered the §cHigh§7 hack level. 
[INFO|6:42:21]: §7§6SaNyaFiT§7's last failed check was: §6Fly§7. 
[INFO|6:42:21]: §7Type '/anticheat report §6SaNyaFiT§7' for more information. 
[INFO|6:42:21]: §6----------------------------------------------------- 
[INFO|6:42:21]: SaNyaFiT tried to fly on y-axis 50 times (max =1) 
[INFO|7:02:21]: SaNyaFiT was sneaking too fast (speed=0.1913211796173755, max=0.15) 
[INFO|7:05:44]: SaNyaFiT was sneaking too fast (speed=0.16006561231884575, max=0.15) 
[INFO|8:57:38]: Notch_in_ad2 ascended 8 times in a row (max = 8) 
[INFO|9:27:13]: Notch_in_ad2's speed was too high 3 times in a row (max=3, speed=0.2562302861495027, max speed=0.25) 
[INFO|9:40:45]: Notch_in_ad2's speed was too high 3 times in a row (max=3, speed=0.25327246845685636, max speed=0.25) 
[INFO|11:44:34]: Notch_in_ad2's speed was too high 3 times in a row (max=3, speed=0.2550935505816767, max speed=0.25) 
[INFO|12:12:26]: Notch_in_ad2's speed was too high 3 times in a row (max=3, speed=0.2564007354558555, max speed=0.25) 
[INFO|12:21:52]: Notch_in_ad2's speed was too high 3 times in a row (max=3, speed=0.2673967037384557, max speed=0.25) 
[INFO|12:38:40]: Notch_in_ad2's y speed was too high (speed=0.8972556010191042, max=0.5) 
[INFO|10:08:20]: Notch_in_ad2's speed was too high 3 times in a row (max=3, speed=0.42182526412460675, max speed=0.25) 
[INFO|3:30:02]: Notch_in_ad2 didn't animate before breaking a block of LEAVES 
[INFO|12:12:36]: Notch_in_ad2 healed too quickly (time=1 ms, min=2000 ms) 
[INFO|10:44:27]: Notch_in_ad2 tried to fly on y-axis in 790 ms (min =1000) 
[INFO|10:44:27]: Notch_in_ad2 tried to fly on y-axis in 952 ms (min =1000) 
[INFO|10:44:27]: Notch_in_ad2 tried to fly on y-axis 3 times (max =1) 
[INFO|10:44:27]: Notch_in_ad2 tried to fly on y-axis 4 times (max =1) 
[INFO|10:44:28]: Notch_in_ad2 tried to fly on y-axis 5 times (max =1) 
[INFO|10:44:28]: Notch_in_ad2 tried to fly on y-axis 6 times (max =1) 
[INFO|10:44:28]: Notch_in_ad2 tried to fly on y-axis 7 times (max =1) 
[INFO|10:44:29]: Notch_in_ad2 tried to fly on y-axis 8 times (max =1) 
[INFO|10:44:29]: Notch_in_ad2 tried to fly on y-axis 9 times (max =1) 
[INFO|10:44:29]: Notch_in_ad2 tried to fly on y-axis 10 times (max =1) 
[INFO|10:44:29]: Notch_in_ad2 tried to fly on y-axis 11 times (max =1) 
[INFO|10:44:29]: Notch_in_ad2 tried to fly on y-axis 12 times (max =1) 
[INFO|10:44:30]: Notch_in_ad2 tried to fly on y-axis 13 times (max =1) 
[INFO|10:44:30]: Notch_in_ad2 tried to fly on y-axis 14 times (max =1) 
[INFO|10:44:31]: §6----------------------[§7AntiCheat§6]---------------------- 
[INFO|10:44:31]: §7§6Notch_in_ad2§7 has just entered the §eMedium§7 hack level. 
[INFO|10:44:31]: §7§6Notch_in_ad2§7's last failed check was: §6Fly§7. 
[INFO|10:44:31]: §7Type '/anticheat report §6Notch_in_ad2§7' for more information. 
[INFO|10:44:31]: §6----------------------------------------------------- 
[INFO|10:44:31]: Notch_in_ad2 tried to fly on y-axis 15 times (max =1) 
[INFO|10:44:31]: Notch_in_ad2 tried to fly on y-axis 16 times (max =1) 
[INFO|10:44:31]: Notch_in_ad2 tried to fly on y-axis 17 times (max =1) 
[INFO|10:44:33]: Notch_in_ad2 tried to fly on y-axis 18 times (max =1) 
[INFO|10:44:34]: Notch_in_ad2 tried to fly on y-axis 19 times (max =1) 
[INFO|10:44:34]: Notch_in_ad2 tried to fly on y-axis 20 times (max =1) 
[INFO|10:44:35]: Notch_in_ad2 tried to fly on y-axis 21 times (max =1) 
[INFO|10:44:35]: Notch_in_ad2 tried to fly on y-axis 22 times (max =1) 
[INFO|10:44:35]: Notch_in_ad2 tried to fly on y-axis 23 times (max =1) 
[INFO|10:44:35]: Notch_in_ad2 tried to fly on y-axis 24 times (max =1) 
[INFO|10:44:37]: Notch_in_ad2 tried to fly on y-axis 25 times (max =1) 
[INFO|10:44:37]: Notch_in_ad2 tried to fly on y-axis 26 times (max =1) 
[INFO|10:44:37]: Notch_in_ad2 tried to fly on y-axis 27 times (max =1) 
[INFO|10:44:38]: Notch_in_ad2 tried to fly on y-axis 28 times (max =1) 
[INFO|10:44:38]: Notch_in_ad2 tried to fly on y-axis 29 times (max =1) 
[INFO|10:44:38]: Notch_in_ad2 tried to fly on y-axis 30 times (max =1) 
[INFO|10:44:39]: Notch_in_ad2 tried to fly on y-axis 31 times (max =1) 
[INFO|10:44:39]: Notch_in_ad2 tried to fly on y-axis 32 times (max =1) 
[INFO|10:44:39]: Notch_in_ad2 tried to fly on y-axis 33 times (max =1) 
